[     300ms] Unexpected identifier 'is'
[     565ms] [WARNING] <meta name="apple-mobile-web-app-capable" content="yes"> is deprecated. Please include <meta name="mobile-web-app-capable" content="yes"> @ https://members-test13.seeking.com/join:0
[   95062ms] [ERROR] Not signed in with the identity provider. @ https://members-test13.seeking.com/join:0
[   98098ms] [ERROR] [GSI_LOGGER]: FedCM get() rejects with NetworkError: Error retrieving a token. @ https://accounts.google.com/gsi/client:81
[  100550ms] [ERROR] TypeError: Cannot read properties of undefined (reading 'trim')
    at https://members-test13.seeking.com/vendors-260493500a2f816921c9.min.js?260493500a2f816921c9:1122:23609
    at v2 (https://members-test13.seeking.com/vendors-260493500a2f816921c9.min.js?260493500a2f816921c9:2909:25768)
    at to (https://members-test13.seeking.com/vendors-260493500a2f816921c9.min.js?260493500a2f816921c9:2909:45029)
    at ls (https://members-test13.seeking.com/vendors-260493500a2f816921c9.min.js?260493500a2f816921c9:2909:43729)
    at Qa (https://members-test13.seeking.com/vendors-260493500a2f816921c9.min.js?260493500a2f816921c9:2909:42710)
    at b2 (https://members-test13.seeking.com/vendors-260493500a2f816921c9.min.js?260493500a2f816921c9:2909:39119)
    at He (https://members-test13.seeking.com/vendors-260493500a2f816921c9.min.js?260493500a2f816921c9:2907:3359)
    at https://members-test13.seeking.com/vendors-260493500a2f816921c9.min.js?260493500a2f816921c9:2909:36346 @ https://members-test13.seeking.com/vendors-260493500a2f816921c9.min.js?260493500a2f816921c9:2908
[  100555ms] TypeError: Cannot read properties of undefined (reading 'trim')
    at https://members-test13.seeking.com/vendors-260493500a2f816921c9.min.js?260493500a2f816921c9:1122:23609
    at v2 (https://members-test13.seeking.com/vendors-260493500a2f816921c9.min.js?260493500a2f816921c9:2909:25768)
    at to (https://members-test13.seeking.com/vendors-260493500a2f816921c9.min.js?260493500a2f816921c9:2909:45029)
    at ls (https://members-test13.seeking.com/vendors-260493500a2f816921c9.min.js?260493500a2f816921c9:2909:43729)
    at Qa (https://members-test13.seeking.com/vendors-260493500a2f816921c9.min.js?260493500a2f816921c9:2909:42710)
    at b2 (https://members-test13.seeking.com/vendors-260493500a2f816921c9.min.js?260493500a2f816921c9:2909:39119)
    at He (https://members-test13.seeking.com/vendors-260493500a2f816921c9.min.js?260493500a2f816921c9:2907:3359)
    at https://members-test13.seeking.com/vendors-260493500a2f816921c9.min.js?260493500a2f816921c9:2909:36346
