[     725ms] [ERROR] Not signed in with the identity provider. @ https://members-testqa.seeking.com/login:0
[     830ms] [WARNING] [GSI_LOGGER]: google.accounts.id.initialize() is called multiple times. This could cause unexpected behavior and only the last initialized instance will be used. @ https://accounts.google.com/gsi/client:80
[    1289ms] Unexpected identifier 'is'
[    1439ms] [WARNING] <meta name="apple-mobile-web-app-capable" content="yes"> is deprecated. Please include <meta name="mobile-web-app-capable" content="yes"> @ https://members-testqa.seeking.com/login:0
[    2206ms] Identifier 'midaEventObserver' has already been declared
[    2647ms] [WARNING] [GSI_LOGGER]: google.accounts.id.initialize() is called multiple times. This could cause unexpected behavior and only the last initialized instance will be used. @ https://accounts.google.com/gsi/client:80
[    3399ms] [ERROR] [GSI_LOGGER]: FedCM get() rejects with NetworkError: Error retrieving a token. @ https://accounts.google.com/gsi/client:81
[  141858ms] [WARNING] Missing translation for id  in language en-US @ https://members-testqa.seeking.com/vendors-f1a36b0780b7adbb75c5.min.js?f1a36b0780b7adbb75c5:2268
[  141863ms] [WARNING] Missing translation for id  in language en-US @ https://members-testqa.seeking.com/vendors-f1a36b0780b7adbb75c5.min.js?f1a36b0780b7adbb75c5:2268
[  153155ms] [WARNING] [Snap-ins] Warning: Embedded Service Chat may not function correctly with this native JS function modified: document.addEventListener @ https://service.force.com/embeddedservice/5.0/esw.min.js:18
[  153155ms] [WARNING] [Snap-ins] Warning: Embedded Service Chat may not function correctly with this native JS function modified: document.removeEventListener @ https://service.force.com/embeddedservice/5.0/esw.min.js:18
[  153155ms] [WARNING] [Snap-ins] Warning: Embedded Service Chat may not function correctly with this native JS function modified: window.addEventListener @ https://service.force.com/embeddedservice/5.0/esw.min.js:18
[  153155ms] [WARNING] [Snap-ins] Warning: Embedded Service Chat may not function correctly with this native JS function modified: window.removeEventListener @ https://service.force.com/embeddedservice/5.0/esw.min.js:18
[  153449ms] [WARNING] Missing translation for id  in language en-US @ https://members-testqa.seeking.com/vendors-f1a36b0780b7adbb75c5.min.js?f1a36b0780b7adbb75c5:2268
[  153450ms] [WARNING] Missing translation for id  in language en-US @ https://members-testqa.seeking.com/vendors-f1a36b0780b7adbb75c5.min.js?f1a36b0780b7adbb75c5:2268
[  153450ms] [WARNING] Missing translation for id  in language en-US @ https://members-testqa.seeking.com/vendors-f1a36b0780b7adbb75c5.min.js?f1a36b0780b7adbb75c5:2268
[  153450ms] [WARNING] Missing translation for id  in language en-US @ https://members-testqa.seeking.com/vendors-f1a36b0780b7adbb75c5.min.js?f1a36b0780b7adbb75c5:2268
[  153453ms] [WARNING] Missing translation for id  in language en-US @ https://members-testqa.seeking.com/vendors-f1a36b0780b7adbb75c5.min.js?f1a36b0780b7adbb75c5:2268
[  153454ms] [WARNING] Missing translation for id  in language en-US @ https://members-testqa.seeking.com/vendors-f1a36b0780b7adbb75c5.min.js?f1a36b0780b7adbb75c5:2268
[  153454ms] [WARNING] Missing translation for id  in language en-US @ https://members-testqa.seeking.com/vendors-f1a36b0780b7adbb75c5.min.js?f1a36b0780b7adbb75c5:2268
[  153454ms] [WARNING] Missing translation for id  in language en-US @ https://members-testqa.seeking.com/vendors-f1a36b0780b7adbb75c5.min.js?f1a36b0780b7adbb75c5:2268
[  153456ms] [WARNING] Missing translation for id  in language en-US @ https://members-testqa.seeking.com/vendors-f1a36b0780b7adbb75c5.min.js?f1a36b0780b7adbb75c5:2268
[  153456ms] [WARNING] Missing translation for id  in language en-US @ https://members-testqa.seeking.com/vendors-f1a36b0780b7adbb75c5.min.js?f1a36b0780b7adbb75c5:2268
[  153456ms] [WARNING] Missing translation for id  in language en-US @ https://members-testqa.seeking.com/vendors-f1a36b0780b7adbb75c5.min.js?f1a36b0780b7adbb75c5:2268
[  153500ms] Unexpected identifier 'is'
[  153698ms] [WARNING] Missing translation for id  in language en-US @ https://members-testqa.seeking.com/vendors-f1a36b0780b7adbb75c5.min.js?f1a36b0780b7adbb75c5:2268
[  153699ms] [WARNING] Missing translation for id  in language en-US @ https://members-testqa.seeking.com/vendors-f1a36b0780b7adbb75c5.min.js?f1a36b0780b7adbb75c5:2268
[  153700ms] [WARNING] Missing translation for id  in language en-US @ https://members-testqa.seeking.com/vendors-f1a36b0780b7adbb75c5.min.js?f1a36b0780b7adbb75c5:2268
[  153700ms] [WARNING] Missing translation for id  in language en-US @ https://members-testqa.seeking.com/vendors-f1a36b0780b7adbb75c5.min.js?f1a36b0780b7adbb75c5:2268
[  153704ms] [WARNING] Missing translation for id  in language en-US @ https://members-testqa.seeking.com/vendors-f1a36b0780b7adbb75c5.min.js?f1a36b0780b7adbb75c5:2268
[  153706ms] [WARNING] Missing translation for id  in language en-US @ https://members-testqa.seeking.com/vendors-f1a36b0780b7adbb75c5.min.js?f1a36b0780b7adbb75c5:2268
[  153706ms] [WARNING] Missing translation for id  in language en-US @ https://members-testqa.seeking.com/vendors-f1a36b0780b7adbb75c5.min.js?f1a36b0780b7adbb75c5:2268
[  153706ms] [WARNING] Missing translation for id  in language en-US @ https://members-testqa.seeking.com/vendors-f1a36b0780b7adbb75c5.min.js?f1a36b0780b7adbb75c5:2268
[  153971ms] [WARNING] Missing translation for id Chat with a live agent in language en-US @ https://members-testqa.seeking.com/vendors-f1a36b0780b7adbb75c5.min.js?f1a36b0780b7adbb75c5:2268
[  153983ms] [WARNING] Missing translation for id Chat with a live agent in language en-US @ https://members-testqa.seeking.com/vendors-f1a36b0780b7adbb75c5.min.js?f1a36b0780b7adbb75c5:2268
[  153985ms] [WARNING] Missing translation for id platinum in language en-US @ https://members-testqa.seeking.com/vendors-f1a36b0780b7adbb75c5.min.js?f1a36b0780b7adbb75c5:2268
[  153985ms] [WARNING] Missing translation for id platinum in language en-US @ https://members-testqa.seeking.com/vendors-f1a36b0780b7adbb75c5.min.js?f1a36b0780b7adbb75c5:2268
[  153986ms] [WARNING] Missing translation for id Selecting {allowText} enables all categories of cookies. Selecting {denyText} will restrict cookies to those required for core site functionality. in language en-US @ https://members-testqa.seeking.com/vendors-f1a36b0780b7adbb75c5.min.js?f1a36b0780b7adbb75c5:2268
[  153995ms] [WARNING] Missing translation for id Chat with a live agent in language en-US @ https://members-testqa.seeking.com/vendors-f1a36b0780b7adbb75c5.min.js?f1a36b0780b7adbb75c5:2268
[  154099ms] [WARNING] Missing translation for id Chat with a live agent in language en-US @ https://members-testqa.seeking.com/vendors-f1a36b0780b7adbb75c5.min.js?f1a36b0780b7adbb75c5:2268
[  154140ms] Identifier 'midaEventObserver' has already been declared
[  155079ms] [WARNING] Missing translation for id Chat with a live agent in language en-US @ https://members-testqa.seeking.com/vendors-f1a36b0780b7adbb75c5.min.js?f1a36b0780b7adbb75c5:2268
[  155085ms] [WARNING] Missing translation for id platinum in language en-US @ https://members-testqa.seeking.com/vendors-f1a36b0780b7adbb75c5.min.js?f1a36b0780b7adbb75c5:2268
[  155085ms] [WARNING] Missing translation for id platinum in language en-US @ https://members-testqa.seeking.com/vendors-f1a36b0780b7adbb75c5.min.js?f1a36b0780b7adbb75c5:2268
[  155086ms] [WARNING] Missing translation for id Selecting {allowText} enables all categories of cookies. Selecting {denyText} will restrict cookies to those required for core site functionality. in language en-US @ https://members-testqa.seeking.com/vendors-f1a36b0780b7adbb75c5.min.js?f1a36b0780b7adbb75c5:2268
[  155090ms] [WARNING] Missing translation for id Chat with a live agent in language en-US @ https://members-testqa.seeking.com/vendors-f1a36b0780b7adbb75c5.min.js?f1a36b0780b7adbb75c5:2268
[  155189ms] [WARNING] Missing translation for id Chat with a live agent in language en-US @ https://members-testqa.seeking.com/vendors-f1a36b0780b7adbb75c5.min.js?f1a36b0780b7adbb75c5:2268
[  155417ms] [WARNING] Missing translation for id Chat with a live agent in language en-US @ https://members-testqa.seeking.com/vendors-f1a36b0780b7adbb75c5.min.js?f1a36b0780b7adbb75c5:2268
[  155426ms] [WARNING] Missing translation for id platinum in language en-US @ https://members-testqa.seeking.com/vendors-f1a36b0780b7adbb75c5.min.js?f1a36b0780b7adbb75c5:2268
[  155426ms] [WARNING] Missing translation for id platinum in language en-US @ https://members-testqa.seeking.com/vendors-f1a36b0780b7adbb75c5.min.js?f1a36b0780b7adbb75c5:2268
[  155427ms] [WARNING] Missing translation for id Selecting {allowText} enables all categories of cookies. Selecting {denyText} will restrict cookies to those required for core site functionality. in language en-US @ https://members-testqa.seeking.com/vendors-f1a36b0780b7adbb75c5.min.js?f1a36b0780b7adbb75c5:2268
[  155492ms] [WARNING] Missing translation for id Chat with a live agent in language en-US @ https://members-testqa.seeking.com/vendors-f1a36b0780b7adbb75c5.min.js?f1a36b0780b7adbb75c5:2268
[  155499ms] [WARNING] Missing translation for id platinum in language en-US @ https://members-testqa.seeking.com/vendors-f1a36b0780b7adbb75c5.min.js?f1a36b0780b7adbb75c5:2268
[  155499ms] [WARNING] Missing translation for id platinum in language en-US @ https://members-testqa.seeking.com/vendors-f1a36b0780b7adbb75c5.min.js?f1a36b0780b7adbb75c5:2268
[  155500ms] [WARNING] Missing translation for id Selecting {allowText} enables all categories of cookies. Selecting {denyText} will restrict cookies to those required for core site functionality. in language en-US @ https://members-testqa.seeking.com/vendors-f1a36b0780b7adbb75c5.min.js?f1a36b0780b7adbb75c5:2268
[  156428ms] [WARNING] <meta name="apple-mobile-web-app-capable" content="yes"> is deprecated. Please include <meta name="mobile-web-app-capable" content="yes"> @ https://members-testqa.seeking.com/member:0
