[     259ms] Unexpected identifier 'is'
[     508ms] [WARNING] Missing translation for id Chat with a live agent in language en-US @ https://members-testqa.seeking.com/vendors-f1a36b0780b7adbb75c5.min.js?f1a36b0780b7adbb75c5:2268
[     516ms] [WARNING] Missing translation for id gold in language en-US @ https://members-testqa.seeking.com/vendors-f1a36b0780b7adbb75c5.min.js?f1a36b0780b7adbb75c5:2268
[     516ms] [WARNING] Missing translation for id gold in language en-US @ https://members-testqa.seeking.com/vendors-f1a36b0780b7adbb75c5.min.js?f1a36b0780b7adbb75c5:2268
[     529ms] [WARNING] Missing translation for id Member Dashboard - Seeking.com in language en-US @ https://members-testqa.seeking.com/vendors-f1a36b0780b7adbb75c5.min.js?f1a36b0780b7adbb75c5:2268
[     662ms] [WARNING] [Snap-ins] Warning: Embedded Service Chat may not function correctly with this native JS function modified: document.addEventListener @ https://service.force.com/embeddedservice/5.0/esw.min.js:18
[     662ms] [WARNING] [Snap-ins] Warning: Embedded Service Chat may not function correctly with this native JS function modified: document.removeEventListener @ https://service.force.com/embeddedservice/5.0/esw.min.js:18
[     662ms] [WARNING] [Snap-ins] Warning: Embedded Service Chat may not function correctly with this native JS function modified: window.addEventListener @ https://service.force.com/embeddedservice/5.0/esw.min.js:18
[     662ms] [WARNING] [Snap-ins] Warning: Embedded Service Chat may not function correctly with this native JS function modified: window.removeEventListener @ https://service.force.com/embeddedservice/5.0/esw.min.js:18
[     761ms] Unexpected identifier 'is'
[     869ms] [WARNING] Missing translation for id Chat with a live agent in language en-US @ https://members-testqa.seeking.com/vendors-f1a36b0780b7adbb75c5.min.js?f1a36b0780b7adbb75c5:2268
[     874ms] [WARNING] Missing translation for id Chat with a live agent in language en-US @ https://members-testqa.seeking.com/vendors-f1a36b0780b7adbb75c5.min.js?f1a36b0780b7adbb75c5:2268
[     879ms] [WARNING] Missing translation for id Chat with a live agent in language en-US @ https://members-testqa.seeking.com/vendors-f1a36b0780b7adbb75c5.min.js?f1a36b0780b7adbb75c5:2268
[     884ms] [WARNING] Missing translation for id Chat with a live agent in language en-US @ https://members-testqa.seeking.com/vendors-f1a36b0780b7adbb75c5.min.js?f1a36b0780b7adbb75c5:2268
[     887ms] [WARNING] Missing translation for id gold in language en-US @ https://members-testqa.seeking.com/vendors-f1a36b0780b7adbb75c5.min.js?f1a36b0780b7adbb75c5:2268
[     887ms] [WARNING] Missing translation for id gold in language en-US @ https://members-testqa.seeking.com/vendors-f1a36b0780b7adbb75c5.min.js?f1a36b0780b7adbb75c5:2268
[     923ms] [WARNING] Missing translation for id Chat with a live agent in language en-US @ https://members-testqa.seeking.com/vendors-f1a36b0780b7adbb75c5.min.js?f1a36b0780b7adbb75c5:2268
[    1324ms] [WARNING] Missing translation for id Chat with a live agent in language en-US @ https://members-testqa.seeking.com/vendors-f1a36b0780b7adbb75c5.min.js?f1a36b0780b7adbb75c5:2268
[    1443ms] [WARNING] Missing translation for id Chat with a live agent in language en-US @ https://members-testqa.seeking.com/vendors-f1a36b0780b7adbb75c5.min.js?f1a36b0780b7adbb75c5:2268
[    1447ms] [WARNING] Missing translation for id gold in language en-US @ https://members-testqa.seeking.com/vendors-f1a36b0780b7adbb75c5.min.js?f1a36b0780b7adbb75c5:2268
[    1447ms] [WARNING] Missing translation for id gold in language en-US @ https://members-testqa.seeking.com/vendors-f1a36b0780b7adbb75c5.min.js?f1a36b0780b7adbb75c5:2268
[    1452ms] [WARNING] Missing translation for id Chat with a live agent in language en-US @ https://members-testqa.seeking.com/vendors-f1a36b0780b7adbb75c5.min.js?f1a36b0780b7adbb75c5:2268
[    1643ms] Identifier 'midaEventObserver' has already been declared
[    1670ms] [WARNING] Missing translation for id Chat with a live agent in language en-US @ https://members-testqa.seeking.com/vendors-f1a36b0780b7adbb75c5.min.js?f1a36b0780b7adbb75c5:2268
[    1676ms] [WARNING] Missing translation for id gold in language en-US @ https://members-testqa.seeking.com/vendors-f1a36b0780b7adbb75c5.min.js?f1a36b0780b7adbb75c5:2268
[    1676ms] [WARNING] Missing translation for id gold in language en-US @ https://members-testqa.seeking.com/vendors-f1a36b0780b7adbb75c5.min.js?f1a36b0780b7adbb75c5:2268
[    2120ms] [WARNING] <meta name="apple-mobile-web-app-capable" content="yes"> is deprecated. Please include <meta name="mobile-web-app-capable" content="yes"> @ https://members-testqa.seeking.com/member:0
[    2631ms] [WARNING] Missing translation for id Chat with a live agent in language en-US @ https://members-testqa.seeking.com/vendors-f1a36b0780b7adbb75c5.min.js?f1a36b0780b7adbb75c5:2268
