[     291ms] [WARNING] Missing translation for id Chat with a live agent in language en-US @ https://members-testqa.seeking.com/vendors-f1a36b0780b7adbb75c5.min.js?f1a36b0780b7adbb75c5:2268
[     298ms] [WARNING] Missing translation for id platinum in language en-US @ https://members-testqa.seeking.com/vendors-f1a36b0780b7adbb75c5.min.js?f1a36b0780b7adbb75c5:2268
[     298ms] [WARNING] Missing translation for id platinum in language en-US @ https://members-testqa.seeking.com/vendors-f1a36b0780b7adbb75c5.min.js?f1a36b0780b7adbb75c5:2268
[     308ms] [WARNING] Missing translation for id Member Dashboard - Seeking.com in language en-US @ https://members-testqa.seeking.com/vendors-f1a36b0780b7adbb75c5.min.js?f1a36b0780b7adbb75c5:2268
[     362ms] [WARNING] [Snap-ins] Warning: Embedded Service Chat may not function correctly with this native JS function modified: document.addEventListener @ https://service.force.com/embeddedservice/5.0/esw.min.js:18
[     362ms] [WARNING] [Snap-ins] Warning: Embedded Service Chat may not function correctly with this native JS function modified: document.removeEventListener @ https://service.force.com/embeddedservice/5.0/esw.min.js:18
[     362ms] [WARNING] [Snap-ins] Warning: Embedded Service Chat may not function correctly with this native JS function modified: window.addEventListener @ https://service.force.com/embeddedservice/5.0/esw.min.js:18
[     362ms] [WARNING] [Snap-ins] Warning: Embedded Service Chat may not function correctly with this native JS function modified: window.removeEventListener @ https://service.force.com/embeddedservice/5.0/esw.min.js:18
[     575ms] [WARNING] Missing translation for id Chat with a live agent in language en-US @ https://members-testqa.seeking.com/vendors-f1a36b0780b7adbb75c5.min.js?f1a36b0780b7adbb75c5:2268
[     580ms] [WARNING] Missing translation for id Chat with a live agent in language en-US @ https://members-testqa.seeking.com/vendors-f1a36b0780b7adbb75c5.min.js?f1a36b0780b7adbb75c5:2268
[     586ms] [WARNING] Missing translation for id Chat with a live agent in language en-US @ https://members-testqa.seeking.com/vendors-f1a36b0780b7adbb75c5.min.js?f1a36b0780b7adbb75c5:2268
[     590ms] [WARNING] Missing translation for id Chat with a live agent in language en-US @ https://members-testqa.seeking.com/vendors-f1a36b0780b7adbb75c5.min.js?f1a36b0780b7adbb75c5:2268
[     593ms] [WARNING] Missing translation for id platinum in language en-US @ https://members-testqa.seeking.com/vendors-f1a36b0780b7adbb75c5.min.js?f1a36b0780b7adbb75c5:2268
[     593ms] [WARNING] Missing translation for id platinum in language en-US @ https://members-testqa.seeking.com/vendors-f1a36b0780b7adbb75c5.min.js?f1a36b0780b7adbb75c5:2268
[     603ms] [WARNING] Missing translation for id Chat with a live agent in language en-US @ https://members-testqa.seeking.com/vendors-f1a36b0780b7adbb75c5.min.js?f1a36b0780b7adbb75c5:2268
[     769ms] [WARNING] Missing translation for id Chat with a live agent in language en-US @ https://members-testqa.seeking.com/vendors-f1a36b0780b7adbb75c5.min.js?f1a36b0780b7adbb75c5:2268
[    1171ms] [WARNING] Missing translation for id Chat with a live agent in language en-US @ https://members-testqa.seeking.com/vendors-f1a36b0780b7adbb75c5.min.js?f1a36b0780b7adbb75c5:2268
[    1300ms] [WARNING] Missing translation for id Chat with a live agent in language en-US @ https://members-testqa.seeking.com/vendors-f1a36b0780b7adbb75c5.min.js?f1a36b0780b7adbb75c5:2268
[    1304ms] [WARNING] Missing translation for id platinum in language en-US @ https://members-testqa.seeking.com/vendors-f1a36b0780b7adbb75c5.min.js?f1a36b0780b7adbb75c5:2268
[    1304ms] [WARNING] Missing translation for id platinum in language en-US @ https://members-testqa.seeking.com/vendors-f1a36b0780b7adbb75c5.min.js?f1a36b0780b7adbb75c5:2268
[    1307ms] [WARNING] Missing translation for id Chat with a live agent in language en-US @ https://members-testqa.seeking.com/vendors-f1a36b0780b7adbb75c5.min.js?f1a36b0780b7adbb75c5:2268
[    1352ms] Identifier 'midaEventObserver' has already been declared
[    1603ms] [WARNING] Missing translation for id Chat with a live agent in language en-US @ https://members-testqa.seeking.com/vendors-f1a36b0780b7adbb75c5.min.js?f1a36b0780b7adbb75c5:2268
[    1612ms] [WARNING] Missing translation for id platinum in language en-US @ https://members-testqa.seeking.com/vendors-f1a36b0780b7adbb75c5.min.js?f1a36b0780b7adbb75c5:2268
[    1612ms] [WARNING] Missing translation for id platinum in language en-US @ https://members-testqa.seeking.com/vendors-f1a36b0780b7adbb75c5.min.js?f1a36b0780b7adbb75c5:2268
[    2413ms] [WARNING] Missing translation for id Chat with a live agent in language en-US @ https://members-testqa.seeking.com/vendors-f1a36b0780b7adbb75c5.min.js?f1a36b0780b7adbb75c5:2268
[    2966ms] [WARNING] <meta name="apple-mobile-web-app-capable" content="yes"> is deprecated. Please include <meta name="mobile-web-app-capable" content="yes"> @ https://members-testqa.seeking.com/member:0
[    6417ms] [WARNING] Missing translation for id Chat with a live agent in language en-US @ https://members-testqa.seeking.com/vendors-f1a36b0780b7adbb75c5.min.js?f1a36b0780b7adbb75c5:2268
[    6425ms] [WARNING] Missing translation for id platinum in language en-US @ https://members-testqa.seeking.com/vendors-f1a36b0780b7adbb75c5.min.js?f1a36b0780b7adbb75c5:2268
[    6425ms] [WARNING] Missing translation for id platinum in language en-US @ https://members-testqa.seeking.com/vendors-f1a36b0780b7adbb75c5.min.js?f1a36b0780b7adbb75c5:2268
[    6428ms] [WARNING] Missing translation for id Chat with a live agent in language en-US @ https://members-testqa.seeking.com/vendors-f1a36b0780b7adbb75c5.min.js?f1a36b0780b7adbb75c5:2268
[    7212ms] [ERROR] Failed to load resource: the server responded with a status of 404 (Not Found) @ https://reflexmedia.go2cloud.org/aff_l?offer_id=1:0
