[     478ms] [WARNING] Missing translation for id Chat with a live agent in language en-US @ https://members-testqa.seeking.com/vendors-f1a36b0780b7adbb75c5.min.js?f1a36b0780b7adbb75c5:2268
[     486ms] [WARNING] Missing translation for id platinum in language en-US @ https://members-testqa.seeking.com/vendors-f1a36b0780b7adbb75c5.min.js?f1a36b0780b7adbb75c5:2268
[     487ms] [WARNING] Missing translation for id platinum in language en-US @ https://members-testqa.seeking.com/vendors-f1a36b0780b7adbb75c5.min.js?f1a36b0780b7adbb75c5:2268
[     497ms] [WARNING] Missing translation for id Member Dashboard - Seeking.com in language en-US @ https://members-testqa.seeking.com/vendors-f1a36b0780b7adbb75c5.min.js?f1a36b0780b7adbb75c5:2268
[     620ms] [WARNING] [Snap-ins] Warning: Embedded Service Chat may not function correctly with this native JS function modified: document.addEventListener @ https://service.force.com/embeddedservice/5.0/esw.min.js:18
[     620ms] [WARNING] [Snap-ins] Warning: Embedded Service Chat may not function correctly with this native JS function modified: document.removeEventListener @ https://service.force.com/embeddedservice/5.0/esw.min.js:18
[     620ms] [WARNING] [Snap-ins] Warning: Embedded Service Chat may not function correctly with this native JS function modified: window.addEventListener @ https://service.force.com/embeddedservice/5.0/esw.min.js:18
[     620ms] [WARNING] [Snap-ins] Warning: Embedded Service Chat may not function correctly with this native JS function modified: window.removeEventListener @ https://service.force.com/embeddedservice/5.0/esw.min.js:18
[    1257ms] [WARNING] Google Maps JavaScript API has been loaded directly without loading=async. This can result in suboptimal performance. For best-practice loading patterns please see https://goo.gle/js-api-loading @ https://maps.googleapis.com/maps/api/js?libraries=places&language=en&key=AIzaSyA87jSiINKN2H695w13ERGtWc4VOLsIT1A:1414
[    1605ms] Identifier 'midaEventObserver' has already been declared
[    1870ms] [WARNING] Missing translation for id Chat with a live agent in language en-US @ https://members-testqa.seeking.com/vendors-f1a36b0780b7adbb75c5.min.js?f1a36b0780b7adbb75c5:2268
[    1876ms] [WARNING] Missing translation for id Chat with a live agent in language en-US @ https://members-testqa.seeking.com/vendors-f1a36b0780b7adbb75c5.min.js?f1a36b0780b7adbb75c5:2268
[    1886ms] [WARNING] Missing translation for id Chat with a live agent in language en-US @ https://members-testqa.seeking.com/vendors-f1a36b0780b7adbb75c5.min.js?f1a36b0780b7adbb75c5:2268
[    1893ms] [WARNING] Missing translation for id Chat with a live agent in language en-US @ https://members-testqa.seeking.com/vendors-f1a36b0780b7adbb75c5.min.js?f1a36b0780b7adbb75c5:2268
[    1896ms] [WARNING] Missing translation for id platinum in language en-US @ https://members-testqa.seeking.com/vendors-f1a36b0780b7adbb75c5.min.js?f1a36b0780b7adbb75c5:2268
[    1896ms] [WARNING] Missing translation for id platinum in language en-US @ https://members-testqa.seeking.com/vendors-f1a36b0780b7adbb75c5.min.js?f1a36b0780b7adbb75c5:2268
[    1896ms] [WARNING] Missing translation for id Selecting {allowText} enables all categories of cookies. Selecting {denyText} will restrict cookies to those required for core site functionality. in language en-US @ https://members-testqa.seeking.com/vendors-f1a36b0780b7adbb75c5.min.js?f1a36b0780b7adbb75c5:2268
[    2334ms] [WARNING] Missing translation for id Chat with a live agent in language en-US @ https://members-testqa.seeking.com/vendors-f1a36b0780b7adbb75c5.min.js?f1a36b0780b7adbb75c5:2268
[    2340ms] [WARNING] Missing translation for id platinum in language en-US @ https://members-testqa.seeking.com/vendors-f1a36b0780b7adbb75c5.min.js?f1a36b0780b7adbb75c5:2268
[    2340ms] [WARNING] Missing translation for id platinum in language en-US @ https://members-testqa.seeking.com/vendors-f1a36b0780b7adbb75c5.min.js?f1a36b0780b7adbb75c5:2268
[    2341ms] [WARNING] Missing translation for id Selecting {allowText} enables all categories of cookies. Selecting {denyText} will restrict cookies to those required for core site functionality. in language en-US @ https://members-testqa.seeking.com/vendors-f1a36b0780b7adbb75c5.min.js?f1a36b0780b7adbb75c5:2268
[    2608ms] [WARNING] Missing translation for id Chat with a live agent in language en-US @ https://members-testqa.seeking.com/vendors-f1a36b0780b7adbb75c5.min.js?f1a36b0780b7adbb75c5:2268
[    3901ms] [WARNING] <meta name="apple-mobile-web-app-capable" content="yes"> is deprecated. Please include <meta name="mobile-web-app-capable" content="yes"> @ https://members-testqa.seeking.com/member?registered=true&qaSimulateLiveness=APPROVE:0
[    6352ms] [WARNING] Missing translation for id Chat with a live agent in language en-US @ https://members-testqa.seeking.com/vendors-f1a36b0780b7adbb75c5.min.js?f1a36b0780b7adbb75c5:2268
[   32800ms] [WARNING] Missing translation for id Chat with a live agent in language en-US @ https://members-testqa.seeking.com/vendors-f1a36b0780b7adbb75c5.min.js?f1a36b0780b7adbb75c5:2268
[   32809ms] [WARNING] Missing translation for id platinum in language en-US @ https://members-testqa.seeking.com/vendors-f1a36b0780b7adbb75c5.min.js?f1a36b0780b7adbb75c5:2268
[   32809ms] [WARNING] Missing translation for id platinum in language en-US @ https://members-testqa.seeking.com/vendors-f1a36b0780b7adbb75c5.min.js?f1a36b0780b7adbb75c5:2268
[   32810ms] [WARNING] Missing translation for id Selecting {allowText} enables all categories of cookies. Selecting {denyText} will restrict cookies to those required for core site functionality. in language en-US @ https://members-testqa.seeking.com/vendors-f1a36b0780b7adbb75c5.min.js?f1a36b0780b7adbb75c5:2268
[   32816ms] [WARNING] Missing translation for id Chat with a live agent in language en-US @ https://members-testqa.seeking.com/vendors-f1a36b0780b7adbb75c5.min.js?f1a36b0780b7adbb75c5:2268
[  103326ms] [WARNING] Missing translation for id Chat with a live agent in language en-US @ https://members-testqa.seeking.com/vendors-f1a36b0780b7adbb75c5.min.js?f1a36b0780b7adbb75c5:2268
[  103730ms] [WARNING] Missing translation for id Chat with a live agent in language en-US @ https://members-testqa.seeking.com/vendors-f1a36b0780b7adbb75c5.min.js?f1a36b0780b7adbb75c5:2268
[  112577ms] [WARNING] Missing translation for id Chat with a live agent in language en-US @ https://members-testqa.seeking.com/vendors-f1a36b0780b7adbb75c5.min.js?f1a36b0780b7adbb75c5:2268
[  112589ms] [WARNING] Missing translation for id Chat with a live agent in language en-US @ https://members-testqa.seeking.com/vendors-f1a36b0780b7adbb75c5.min.js?f1a36b0780b7adbb75c5:2268
[  112594ms] [WARNING] Missing translation for id platinum in language en-US @ https://members-testqa.seeking.com/vendors-f1a36b0780b7adbb75c5.min.js?f1a36b0780b7adbb75c5:2268
[  112594ms] [WARNING] Missing translation for id platinum in language en-US @ https://members-testqa.seeking.com/vendors-f1a36b0780b7adbb75c5.min.js?f1a36b0780b7adbb75c5:2268
[  112595ms] [WARNING] Missing translation for id Selecting {allowText} enables all categories of cookies. Selecting {denyText} will restrict cookies to those required for core site functionality. in language en-US @ https://members-testqa.seeking.com/vendors-f1a36b0780b7adbb75c5.min.js?f1a36b0780b7adbb75c5:2268
[  112604ms] [WARNING] Missing translation for id Chat with a live agent in language en-US @ https://members-testqa.seeking.com/vendors-f1a36b0780b7adbb75c5.min.js?f1a36b0780b7adbb75c5:2268
[  113178ms] [WARNING] Missing translation for id Chat with a live agent in language en-US @ https://members-testqa.seeking.com/vendors-f1a36b0780b7adbb75c5.min.js?f1a36b0780b7adbb75c5:2268
[  113579ms] [WARNING] Missing translation for id Chat with a live agent in language en-US @ https://members-testqa.seeking.com/vendors-f1a36b0780b7adbb75c5.min.js?f1a36b0780b7adbb75c5:2268
[  114602ms] [WARNING] Missing translation for id Chat with a live agent in language en-US @ https://members-testqa.seeking.com/vendors-f1a36b0780b7adbb75c5.min.js?f1a36b0780b7adbb75c5:2268
[  114622ms] [WARNING] Missing translation for id platinum in language en-US @ https://members-testqa.seeking.com/vendors-f1a36b0780b7adbb75c5.min.js?f1a36b0780b7adbb75c5:2268
[  114622ms] [WARNING] Missing translation for id platinum in language en-US @ https://members-testqa.seeking.com/vendors-f1a36b0780b7adbb75c5.min.js?f1a36b0780b7adbb75c5:2268
[  114623ms] [WARNING] Missing translation for id Selecting {allowText} enables all categories of cookies. Selecting {denyText} will restrict cookies to those required for core site functionality. in language en-US @ https://members-testqa.seeking.com/vendors-f1a36b0780b7adbb75c5.min.js?f1a36b0780b7adbb75c5:2268
[  114628ms] [WARNING] Missing translation for id Chat with a live agent in language en-US @ https://members-testqa.seeking.com/vendors-f1a36b0780b7adbb75c5.min.js?f1a36b0780b7adbb75c5:2268
[  114892ms] [WARNING] Missing translation for id Chat with a live agent in language en-US @ https://members-testqa.seeking.com/vendors-f1a36b0780b7adbb75c5.min.js?f1a36b0780b7adbb75c5:2268
[  114905ms] [WARNING] Missing translation for id platinum in language en-US @ https://members-testqa.seeking.com/vendors-f1a36b0780b7adbb75c5.min.js?f1a36b0780b7adbb75c5:2268
[  114905ms] [WARNING] Missing translation for id platinum in language en-US @ https://members-testqa.seeking.com/vendors-f1a36b0780b7adbb75c5.min.js?f1a36b0780b7adbb75c5:2268
[  114906ms] [WARNING] Missing translation for id Selecting {allowText} enables all categories of cookies. Selecting {denyText} will restrict cookies to those required for core site functionality. in language en-US @ https://members-testqa.seeking.com/vendors-f1a36b0780b7adbb75c5.min.js?f1a36b0780b7adbb75c5:2268
[  126097ms] [WARNING] Missing translation for id Chat with a live agent in language en-US @ https://members-testqa.seeking.com/vendors-f1a36b0780b7adbb75c5.min.js?f1a36b0780b7adbb75c5:2268
[  126108ms] [WARNING] Missing translation for id platinum in language en-US @ https://members-testqa.seeking.com/vendors-f1a36b0780b7adbb75c5.min.js?f1a36b0780b7adbb75c5:2268
[  126109ms] [WARNING] Missing translation for id platinum in language en-US @ https://members-testqa.seeking.com/vendors-f1a36b0780b7adbb75c5.min.js?f1a36b0780b7adbb75c5:2268
[  126109ms] [WARNING] Missing translation for id Selecting {allowText} enables all categories of cookies. Selecting {denyText} will restrict cookies to those required for core site functionality. in language en-US @ https://members-testqa.seeking.com/vendors-f1a36b0780b7adbb75c5.min.js?f1a36b0780b7adbb75c5:2268
[  126114ms] [WARNING] Missing translation for id Chat with a live agent in language en-US @ https://members-testqa.seeking.com/vendors-f1a36b0780b7adbb75c5.min.js?f1a36b0780b7adbb75c5:2268
