[     341ms] [WARNING] Missing translation for id platinum in language en-US @ https://members-testqa.seeking.com/vendors-f1a36b0780b7adbb75c5.min.js?f1a36b0780b7adbb75c5:2268
[     341ms] [WARNING] Missing translation for id platinum in language en-US @ https://members-testqa.seeking.com/vendors-f1a36b0780b7adbb75c5.min.js?f1a36b0780b7adbb75c5:2268
[     349ms] [WARNING] Missing translation for id Member Dashboard - Seeking.com in language en-US @ https://members-testqa.seeking.com/vendors-f1a36b0780b7adbb75c5.min.js?f1a36b0780b7adbb75c5:2268
[     456ms] [WARNING] [Snap-ins] Warning: Embedded Service Chat may not function correctly with this native JS function modified: document.addEventListener @ https://service.force.com/embeddedservice/5.0/esw.min.js:18
[     456ms] [WARNING] [Snap-ins] Warning: Embedded Service Chat may not function correctly with this native JS function modified: document.removeEventListener @ https://service.force.com/embeddedservice/5.0/esw.min.js:18
[     456ms] [WARNING] [Snap-ins] Warning: Embedded Service Chat may not function correctly with this native JS function modified: window.addEventListener @ https://service.force.com/embeddedservice/5.0/esw.min.js:18
[     456ms] [WARNING] [Snap-ins] Warning: Embedded Service Chat may not function correctly with this native JS function modified: window.removeEventListener @ https://service.force.com/embeddedservice/5.0/esw.min.js:18
[     911ms] [ERROR] Framing 'https://pay.google.com/' violates the following report-only Content Security Policy directive: "frame-ancestors 'self'". The violation has been logged, but no further action has been taken.
 @ :0
[     927ms] [WARNING] Missing translation for id platinum in language en-US @ https://members-testqa.seeking.com/vendors-f1a36b0780b7adbb75c5.min.js?f1a36b0780b7adbb75c5:2268
[     927ms] [WARNING] Missing translation for id USD in language en-US @ https://members-testqa.seeking.com/vendors-f1a36b0780b7adbb75c5.min.js?f1a36b0780b7adbb75c5:2268
[     928ms] [WARNING] Missing translation for id USD in language en-US @ https://members-testqa.seeking.com/vendors-f1a36b0780b7adbb75c5.min.js?f1a36b0780b7adbb75c5:2268
[     928ms] [WARNING] Missing translation for id 375.00 in language en-US @ https://members-testqa.seeking.com/vendors-f1a36b0780b7adbb75c5.min.js?f1a36b0780b7adbb75c5:2268
[     929ms] [WARNING] Missing translation for id USD in language en-US @ https://members-testqa.seeking.com/vendors-f1a36b0780b7adbb75c5.min.js?f1a36b0780b7adbb75c5:2268
[     932ms] [WARNING] Missing translation for id 90 Days Platinum Subscription in language en-US @ https://members-testqa.seeking.com/vendors-f1a36b0780b7adbb75c5.min.js?f1a36b0780b7adbb75c5:2268
[     932ms] [WARNING] Missing translation for id USD in language en-US @ https://members-testqa.seeking.com/vendors-f1a36b0780b7adbb75c5.min.js?f1a36b0780b7adbb75c5:2268
[     932ms] [WARNING] Missing translation for id USD in language en-US @ https://members-testqa.seeking.com/vendors-f1a36b0780b7adbb75c5.min.js?f1a36b0780b7adbb75c5:2268
[     932ms] [WARNING] Missing translation for id Questions? Please contact our {supportBtn} in language en-US @ https://members-testqa.seeking.com/vendors-f1a36b0780b7adbb75c5.min.js?f1a36b0780b7adbb75c5:2268
[     933ms] [WARNING] Missing translation for id Charges will appear on your statement as one of the following merchants: in language en-US @ https://members-testqa.seeking.com/vendors-f1a36b0780b7adbb75c5.min.js?f1a36b0780b7adbb75c5:2268
[    1009ms] [WARNING] Missing translation for id platinum in language en-US @ https://members-testqa.seeking.com/vendors-f1a36b0780b7adbb75c5.min.js?f1a36b0780b7adbb75c5:2268
[    1010ms] [WARNING] Missing translation for id USD in language en-US @ https://members-testqa.seeking.com/vendors-f1a36b0780b7adbb75c5.min.js?f1a36b0780b7adbb75c5:2268
[    1010ms] [WARNING] Missing translation for id USD in language en-US @ https://members-testqa.seeking.com/vendors-f1a36b0780b7adbb75c5.min.js?f1a36b0780b7adbb75c5:2268
[    1011ms] [WARNING] Missing translation for id 375.00 in language en-US @ https://members-testqa.seeking.com/vendors-f1a36b0780b7adbb75c5.min.js?f1a36b0780b7adbb75c5:2268
[    1011ms] [WARNING] Missing translation for id USD in language en-US @ https://members-testqa.seeking.com/vendors-f1a36b0780b7adbb75c5.min.js?f1a36b0780b7adbb75c5:2268
[    1014ms] [WARNING] Missing translation for id 90 Days Platinum Subscription in language en-US @ https://members-testqa.seeking.com/vendors-f1a36b0780b7adbb75c5.min.js?f1a36b0780b7adbb75c5:2268
[    1014ms] [WARNING] Missing translation for id USD in language en-US @ https://members-testqa.seeking.com/vendors-f1a36b0780b7adbb75c5.min.js?f1a36b0780b7adbb75c5:2268
[    1014ms] [WARNING] Missing translation for id USD in language en-US @ https://members-testqa.seeking.com/vendors-f1a36b0780b7adbb75c5.min.js?f1a36b0780b7adbb75c5:2268
[    1014ms] [WARNING] Missing translation for id Questions? Please contact our {supportBtn} in language en-US @ https://members-testqa.seeking.com/vendors-f1a36b0780b7adbb75c5.min.js?f1a36b0780b7adbb75c5:2268
[    1015ms] [WARNING] Missing translation for id Charges will appear on your statement as one of the following merchants: in language en-US @ https://members-testqa.seeking.com/vendors-f1a36b0780b7adbb75c5.min.js?f1a36b0780b7adbb75c5:2268
[    1108ms] [WARNING] Missing translation for id platinum in language en-US @ https://members-testqa.seeking.com/vendors-f1a36b0780b7adbb75c5.min.js?f1a36b0780b7adbb75c5:2268
[    1108ms] [WARNING] Missing translation for id USD in language en-US @ https://members-testqa.seeking.com/vendors-f1a36b0780b7adbb75c5.min.js?f1a36b0780b7adbb75c5:2268
[    1108ms] [WARNING] Missing translation for id USD in language en-US @ https://members-testqa.seeking.com/vendors-f1a36b0780b7adbb75c5.min.js?f1a36b0780b7adbb75c5:2268
[    1109ms] [WARNING] Missing translation for id 375.00 in language en-US @ https://members-testqa.seeking.com/vendors-f1a36b0780b7adbb75c5.min.js?f1a36b0780b7adbb75c5:2268
[    1109ms] [WARNING] Missing translation for id USD in language en-US @ https://members-testqa.seeking.com/vendors-f1a36b0780b7adbb75c5.min.js?f1a36b0780b7adbb75c5:2268
[    1112ms] [WARNING] Missing translation for id 90 Days Platinum Subscription in language en-US @ https://members-testqa.seeking.com/vendors-f1a36b0780b7adbb75c5.min.js?f1a36b0780b7adbb75c5:2268
[    1112ms] [WARNING] Missing translation for id USD in language en-US @ https://members-testqa.seeking.com/vendors-f1a36b0780b7adbb75c5.min.js?f1a36b0780b7adbb75c5:2268
[    1112ms] [WARNING] Missing translation for id USD in language en-US @ https://members-testqa.seeking.com/vendors-f1a36b0780b7adbb75c5.min.js?f1a36b0780b7adbb75c5:2268
[    1112ms] [WARNING] Missing translation for id Questions? Please contact our {supportBtn} in language en-US @ https://members-testqa.seeking.com/vendors-f1a36b0780b7adbb75c5.min.js?f1a36b0780b7adbb75c5:2268
[    1113ms] [WARNING] Missing translation for id Charges will appear on your statement as one of the following merchants: in language en-US @ https://members-testqa.seeking.com/vendors-f1a36b0780b7adbb75c5.min.js?f1a36b0780b7adbb75c5:2268
[    1191ms] [WARNING] Missing translation for id platinum in language en-US @ https://members-testqa.seeking.com/vendors-f1a36b0780b7adbb75c5.min.js?f1a36b0780b7adbb75c5:2268
[    1191ms] [WARNING] Missing translation for id USD in language en-US @ https://members-testqa.seeking.com/vendors-f1a36b0780b7adbb75c5.min.js?f1a36b0780b7adbb75c5:2268
[    1192ms] [WARNING] Missing translation for id USD in language en-US @ https://members-testqa.seeking.com/vendors-f1a36b0780b7adbb75c5.min.js?f1a36b0780b7adbb75c5:2268
[    1192ms] [WARNING] Missing translation for id 375.00 in language en-US @ https://members-testqa.seeking.com/vendors-f1a36b0780b7adbb75c5.min.js?f1a36b0780b7adbb75c5:2268
[    1192ms] [WARNING] Missing translation for id USD in language en-US @ https://members-testqa.seeking.com/vendors-f1a36b0780b7adbb75c5.min.js?f1a36b0780b7adbb75c5:2268
[    1195ms] [WARNING] Missing translation for id 90 Days Platinum Subscription in language en-US @ https://members-testqa.seeking.com/vendors-f1a36b0780b7adbb75c5.min.js?f1a36b0780b7adbb75c5:2268
[    1196ms] [WARNING] Missing translation for id USD in language en-US @ https://members-testqa.seeking.com/vendors-f1a36b0780b7adbb75c5.min.js?f1a36b0780b7adbb75c5:2268
[    1196ms] [WARNING] Missing translation for id USD in language en-US @ https://members-testqa.seeking.com/vendors-f1a36b0780b7adbb75c5.min.js?f1a36b0780b7adbb75c5:2268
[    1196ms] [WARNING] Missing translation for id Questions? Please contact our {supportBtn} in language en-US @ https://members-testqa.seeking.com/vendors-f1a36b0780b7adbb75c5.min.js?f1a36b0780b7adbb75c5:2268
[    1196ms] [WARNING] Missing translation for id Charges will appear on your statement as one of the following merchants: in language en-US @ https://members-testqa.seeking.com/vendors-f1a36b0780b7adbb75c5.min.js?f1a36b0780b7adbb75c5:2268
[    1297ms] [WARNING] Missing translation for id platinum in language en-US @ https://members-testqa.seeking.com/vendors-f1a36b0780b7adbb75c5.min.js?f1a36b0780b7adbb75c5:2268
[    1297ms] [WARNING] Missing translation for id platinum in language en-US @ https://members-testqa.seeking.com/vendors-f1a36b0780b7adbb75c5.min.js?f1a36b0780b7adbb75c5:2268
[    1382ms] Identifier 'midaEventObserver' has already been declared
[    1637ms] [WARNING] Missing translation for id platinum in language en-US @ https://members-testqa.seeking.com/vendors-f1a36b0780b7adbb75c5.min.js?f1a36b0780b7adbb75c5:2268
[    1638ms] [WARNING] Missing translation for id USD in language en-US @ https://members-testqa.seeking.com/vendors-f1a36b0780b7adbb75c5.min.js?f1a36b0780b7adbb75c5:2268
[    1638ms] [WARNING] Missing translation for id USD in language en-US @ https://members-testqa.seeking.com/vendors-f1a36b0780b7adbb75c5.min.js?f1a36b0780b7adbb75c5:2268
[    1639ms] [WARNING] Missing translation for id 375.00 in language en-US @ https://members-testqa.seeking.com/vendors-f1a36b0780b7adbb75c5.min.js?f1a36b0780b7adbb75c5:2268
[    1639ms] [WARNING] Missing translation for id USD in language en-US @ https://members-testqa.seeking.com/vendors-f1a36b0780b7adbb75c5.min.js?f1a36b0780b7adbb75c5:2268
[    1644ms] [WARNING] Missing translation for id 90 Days Platinum Subscription in language en-US @ https://members-testqa.seeking.com/vendors-f1a36b0780b7adbb75c5.min.js?f1a36b0780b7adbb75c5:2268
[    1644ms] [WARNING] Missing translation for id USD in language en-US @ https://members-testqa.seeking.com/vendors-f1a36b0780b7adbb75c5.min.js?f1a36b0780b7adbb75c5:2268
[    1644ms] [WARNING] Missing translation for id USD in language en-US @ https://members-testqa.seeking.com/vendors-f1a36b0780b7adbb75c5.min.js?f1a36b0780b7adbb75c5:2268
[    1644ms] [WARNING] Missing translation for id Questions? Please contact our {supportBtn} in language en-US @ https://members-testqa.seeking.com/vendors-f1a36b0780b7adbb75c5.min.js?f1a36b0780b7adbb75c5:2268
[    1645ms] [WARNING] Missing translation for id Charges will appear on your statement as one of the following merchants: in language en-US @ https://members-testqa.seeking.com/vendors-f1a36b0780b7adbb75c5.min.js?f1a36b0780b7adbb75c5:2268
[    1711ms] [WARNING] Missing translation for id platinum in language en-US @ https://members-testqa.seeking.com/vendors-f1a36b0780b7adbb75c5.min.js?f1a36b0780b7adbb75c5:2268
[    1712ms] [WARNING] Missing translation for id platinum in language en-US @ https://members-testqa.seeking.com/vendors-f1a36b0780b7adbb75c5.min.js?f1a36b0780b7adbb75c5:2268
[    1715ms] [WARNING] Missing translation for id platinum in language en-US @ https://members-testqa.seeking.com/vendors-f1a36b0780b7adbb75c5.min.js?f1a36b0780b7adbb75c5:2268
[    1716ms] [WARNING] Missing translation for id USD in language en-US @ https://members-testqa.seeking.com/vendors-f1a36b0780b7adbb75c5.min.js?f1a36b0780b7adbb75c5:2268
[    1716ms] [WARNING] Missing translation for id USD in language en-US @ https://members-testqa.seeking.com/vendors-f1a36b0780b7adbb75c5.min.js?f1a36b0780b7adbb75c5:2268
[    1716ms] [WARNING] Missing translation for id 375.00 in language en-US @ https://members-testqa.seeking.com/vendors-f1a36b0780b7adbb75c5.min.js?f1a36b0780b7adbb75c5:2268
[    1716ms] [WARNING] Missing translation for id USD in language en-US @ https://members-testqa.seeking.com/vendors-f1a36b0780b7adbb75c5.min.js?f1a36b0780b7adbb75c5:2268
[    1720ms] [WARNING] Missing translation for id 90 Days Platinum Subscription in language en-US @ https://members-testqa.seeking.com/vendors-f1a36b0780b7adbb75c5.min.js?f1a36b0780b7adbb75c5:2268
[    1720ms] [WARNING] Missing translation for id USD in language en-US @ https://members-testqa.seeking.com/vendors-f1a36b0780b7adbb75c5.min.js?f1a36b0780b7adbb75c5:2268
[    1720ms] [WARNING] Missing translation for id USD in language en-US @ https://members-testqa.seeking.com/vendors-f1a36b0780b7adbb75c5.min.js?f1a36b0780b7adbb75c5:2268
[    1720ms] [WARNING] Missing translation for id Questions? Please contact our {supportBtn} in language en-US @ https://members-testqa.seeking.com/vendors-f1a36b0780b7adbb75c5.min.js?f1a36b0780b7adbb75c5:2268
[    1720ms] [WARNING] Missing translation for id Charges will appear on your statement as one of the following merchants: in language en-US @ https://members-testqa.seeking.com/vendors-f1a36b0780b7adbb75c5.min.js?f1a36b0780b7adbb75c5:2268
[    1788ms] [WARNING] Missing translation for id platinum in language en-US @ https://members-testqa.seeking.com/vendors-f1a36b0780b7adbb75c5.min.js?f1a36b0780b7adbb75c5:2268
[    1788ms] [WARNING] Missing translation for id USD in language en-US @ https://members-testqa.seeking.com/vendors-f1a36b0780b7adbb75c5.min.js?f1a36b0780b7adbb75c5:2268
[    1788ms] [WARNING] Missing translation for id USD in language en-US @ https://members-testqa.seeking.com/vendors-f1a36b0780b7adbb75c5.min.js?f1a36b0780b7adbb75c5:2268
[    1789ms] [WARNING] Missing translation for id 375.00 in language en-US @ https://members-testqa.seeking.com/vendors-f1a36b0780b7adbb75c5.min.js?f1a36b0780b7adbb75c5:2268
[    1789ms] [WARNING] Missing translation for id USD in language en-US @ https://members-testqa.seeking.com/vendors-f1a36b0780b7adbb75c5.min.js?f1a36b0780b7adbb75c5:2268
[    1792ms] [WARNING] Missing translation for id 90 Days Platinum Subscription in language en-US @ https://members-testqa.seeking.com/vendors-f1a36b0780b7adbb75c5.min.js?f1a36b0780b7adbb75c5:2268
[    1792ms] [WARNING] Missing translation for id USD in language en-US @ https://members-testqa.seeking.com/vendors-f1a36b0780b7adbb75c5.min.js?f1a36b0780b7adbb75c5:2268
[    1792ms] [WARNING] Missing translation for id USD in language en-US @ https://members-testqa.seeking.com/vendors-f1a36b0780b7adbb75c5.min.js?f1a36b0780b7adbb75c5:2268
[    1793ms] [WARNING] Missing translation for id Questions? Please contact our {supportBtn} in language en-US @ https://members-testqa.seeking.com/vendors-f1a36b0780b7adbb75c5.min.js?f1a36b0780b7adbb75c5:2268
[    1793ms] [WARNING] Missing translation for id Charges will appear on your statement as one of the following merchants: in language en-US @ https://members-testqa.seeking.com/vendors-f1a36b0780b7adbb75c5.min.js?f1a36b0780b7adbb75c5:2268
[    2182ms] [WARNING] Missing translation for id platinum in language en-US @ https://members-testqa.seeking.com/vendors-f1a36b0780b7adbb75c5.min.js?f1a36b0780b7adbb75c5:2268
[    2183ms] [WARNING] Missing translation for id USD in language en-US @ https://members-testqa.seeking.com/vendors-f1a36b0780b7adbb75c5.min.js?f1a36b0780b7adbb75c5:2268
[    2183ms] [WARNING] Missing translation for id USD in language en-US @ https://members-testqa.seeking.com/vendors-f1a36b0780b7adbb75c5.min.js?f1a36b0780b7adbb75c5:2268
[    2184ms] [WARNING] Missing translation for id 375.00 in language en-US @ https://members-testqa.seeking.com/vendors-f1a36b0780b7adbb75c5.min.js?f1a36b0780b7adbb75c5:2268
[    2184ms] [WARNING] Missing translation for id USD in language en-US @ https://members-testqa.seeking.com/vendors-f1a36b0780b7adbb75c5.min.js?f1a36b0780b7adbb75c5:2268
[    2187ms] [WARNING] Missing translation for id 90 Days Platinum Subscription in language en-US @ https://members-testqa.seeking.com/vendors-f1a36b0780b7adbb75c5.min.js?f1a36b0780b7adbb75c5:2268
[    2187ms] [WARNING] Missing translation for id USD in language en-US @ https://members-testqa.seeking.com/vendors-f1a36b0780b7adbb75c5.min.js?f1a36b0780b7adbb75c5:2268
[    2187ms] [WARNING] Missing translation for id USD in language en-US @ https://members-testqa.seeking.com/vendors-f1a36b0780b7adbb75c5.min.js?f1a36b0780b7adbb75c5:2268
[    2187ms] [WARNING] Missing translation for id Questions? Please contact our {supportBtn} in language en-US @ https://members-testqa.seeking.com/vendors-f1a36b0780b7adbb75c5.min.js?f1a36b0780b7adbb75c5:2268
[    2187ms] [WARNING] Missing translation for id Charges will appear on your statement as one of the following merchants: in language en-US @ https://members-testqa.seeking.com/vendors-f1a36b0780b7adbb75c5.min.js?f1a36b0780b7adbb75c5:2268
[    2287ms] [WARNING] Missing translation for id platinum in language en-US @ https://members-testqa.seeking.com/vendors-f1a36b0780b7adbb75c5.min.js?f1a36b0780b7adbb75c5:2268
[    2288ms] [WARNING] Missing translation for id platinum in language en-US @ https://members-testqa.seeking.com/vendors-f1a36b0780b7adbb75c5.min.js?f1a36b0780b7adbb75c5:2268
[    2306ms] [WARNING] Missing translation for id platinum in language en-US @ https://members-testqa.seeking.com/vendors-f1a36b0780b7adbb75c5.min.js?f1a36b0780b7adbb75c5:2268
[    2306ms] [WARNING] Missing translation for id USD in language en-US @ https://members-testqa.seeking.com/vendors-f1a36b0780b7adbb75c5.min.js?f1a36b0780b7adbb75c5:2268
[    2306ms] [WARNING] Missing translation for id USD in language en-US @ https://members-testqa.seeking.com/vendors-f1a36b0780b7adbb75c5.min.js?f1a36b0780b7adbb75c5:2268
[    2307ms] [WARNING] Missing translation for id 375.00 in language en-US @ https://members-testqa.seeking.com/vendors-f1a36b0780b7adbb75c5.min.js?f1a36b0780b7adbb75c5:2268
[    2307ms] [WARNING] Missing translation for id USD in language en-US @ https://members-testqa.seeking.com/vendors-f1a36b0780b7adbb75c5.min.js?f1a36b0780b7adbb75c5:2268
[    2310ms] [WARNING] Missing translation for id 90 Days Platinum Subscription in language en-US @ https://members-testqa.seeking.com/vendors-f1a36b0780b7adbb75c5.min.js?f1a36b0780b7adbb75c5:2268
[    2310ms] [WARNING] Missing translation for id USD in language en-US @ https://members-testqa.seeking.com/vendors-f1a36b0780b7adbb75c5.min.js?f1a36b0780b7adbb75c5:2268
[    2311ms] [WARNING] Missing translation for id USD in language en-US @ https://members-testqa.seeking.com/vendors-f1a36b0780b7adbb75c5.min.js?f1a36b0780b7adbb75c5:2268
[    2311ms] [WARNING] Missing translation for id Questions? Please contact our {supportBtn} in language en-US @ https://members-testqa.seeking.com/vendors-f1a36b0780b7adbb75c5.min.js?f1a36b0780b7adbb75c5:2268
[    2311ms] [WARNING] Missing translation for id Charges will appear on your statement as one of the following merchants: in language en-US @ https://members-testqa.seeking.com/vendors-f1a36b0780b7adbb75c5.min.js?f1a36b0780b7adbb75c5:2268
[    2486ms] [WARNING] Missing translation for id platinum in language en-US @ https://members-testqa.seeking.com/vendors-f1a36b0780b7adbb75c5.min.js?f1a36b0780b7adbb75c5:2268
[    2487ms] [WARNING] Missing translation for id USD in language en-US @ https://members-testqa.seeking.com/vendors-f1a36b0780b7adbb75c5.min.js?f1a36b0780b7adbb75c5:2268
[    2487ms] [WARNING] Missing translation for id USD in language en-US @ https://members-testqa.seeking.com/vendors-f1a36b0780b7adbb75c5.min.js?f1a36b0780b7adbb75c5:2268
[    2488ms] [WARNING] Missing translation for id 375.00 in language en-US @ https://members-testqa.seeking.com/vendors-f1a36b0780b7adbb75c5.min.js?f1a36b0780b7adbb75c5:2268
[    2488ms] [WARNING] Missing translation for id USD in language en-US @ https://members-testqa.seeking.com/vendors-f1a36b0780b7adbb75c5.min.js?f1a36b0780b7adbb75c5:2268
[    2492ms] [WARNING] Missing translation for id 90 Days Platinum Subscription in language en-US @ https://members-testqa.seeking.com/vendors-f1a36b0780b7adbb75c5.min.js?f1a36b0780b7adbb75c5:2268
[    2492ms] [WARNING] Missing translation for id USD in language en-US @ https://members-testqa.seeking.com/vendors-f1a36b0780b7adbb75c5.min.js?f1a36b0780b7adbb75c5:2268
[    2492ms] [WARNING] Missing translation for id USD in language en-US @ https://members-testqa.seeking.com/vendors-f1a36b0780b7adbb75c5.min.js?f1a36b0780b7adbb75c5:2268
[    2492ms] [WARNING] Missing translation for id Questions? Please contact our {supportBtn} in language en-US @ https://members-testqa.seeking.com/vendors-f1a36b0780b7adbb75c5.min.js?f1a36b0780b7adbb75c5:2268
[    2492ms] [WARNING] Missing translation for id Charges will appear on your statement as one of the following merchants: in language en-US @ https://members-testqa.seeking.com/vendors-f1a36b0780b7adbb75c5.min.js?f1a36b0780b7adbb75c5:2268
[    3383ms] [WARNING] <meta name="apple-mobile-web-app-capable" content="yes"> is deprecated. Please include <meta name="mobile-web-app-capable" content="yes"> @ https://members-testqa.seeking.com/billing/memberships:0
