[     207ms] [WARNING] [GSI_LOGGER]: google.accounts.id.initialize() is called multiple times. This could cause unexpected behavior and only the last initialized instance will be used. @ https://accounts.google.com/gsi/client:80
[     210ms] [ERROR] Not signed in with the identity provider. @ https://members-testqa.seeking.com/login:0
[     236ms] Unexpected identifier 'is'
[     243ms] [WARNING] [GSI_LOGGER]: google.accounts.id.initialize() is called multiple times. This could cause unexpected behavior and only the last initialized instance will be used. @ https://accounts.google.com/gsi/client:80
[     313ms] [WARNING] <meta name="apple-mobile-web-app-capable" content="yes"> is deprecated. Please include <meta name="mobile-web-app-capable" content="yes"> @ https://members-testqa.seeking.com/login:0
[     363ms] [WARNING] [GSI_LOGGER]: google.accounts.id.initialize() is called multiple times. This could cause unexpected behavior and only the last initialized instance will be used. @ https://accounts.google.com/gsi/client:80
[    1153ms] Identifier 'midaEventObserver' has already been declared
[    6759ms] [ERROR] [GSI_LOGGER]: FedCM get() rejects with NetworkError: Error retrieving a token. @ https://accounts.google.com/gsi/client:81
[   28167ms] [WARNING] Missing translation for id  in language en-US @ https://members-testqa.seeking.com/vendors-f1a36b0780b7adbb75c5.min.js?f1a36b0780b7adbb75c5:2268
[   28173ms] [WARNING] Missing translation for id  in language en-US @ https://members-testqa.seeking.com/vendors-f1a36b0780b7adbb75c5.min.js?f1a36b0780b7adbb75c5:2268
[   65488ms] [WARNING] Missing translation for id  in language en-US @ https://members-testqa.seeking.com/vendors-f1a36b0780b7adbb75c5.min.js?f1a36b0780b7adbb75c5:2268
[   65489ms] [WARNING] Missing translation for id  in language en-US @ https://members-testqa.seeking.com/vendors-f1a36b0780b7adbb75c5.min.js?f1a36b0780b7adbb75c5:2268
[   65490ms] [WARNING] Missing translation for id  in language en-US @ https://members-testqa.seeking.com/vendors-f1a36b0780b7adbb75c5.min.js?f1a36b0780b7adbb75c5:2268
[   65490ms] [WARNING] Missing translation for id  in language en-US @ https://members-testqa.seeking.com/vendors-f1a36b0780b7adbb75c5.min.js?f1a36b0780b7adbb75c5:2268
[   65493ms] [WARNING] Missing translation for id  in language en-US @ https://members-testqa.seeking.com/vendors-f1a36b0780b7adbb75c5.min.js?f1a36b0780b7adbb75c5:2268
[   65493ms] [WARNING] Missing translation for id  in language en-US @ https://members-testqa.seeking.com/vendors-f1a36b0780b7adbb75c5.min.js?f1a36b0780b7adbb75c5:2268
[   65494ms] [WARNING] Missing translation for id  in language en-US @ https://members-testqa.seeking.com/vendors-f1a36b0780b7adbb75c5.min.js?f1a36b0780b7adbb75c5:2268
[   65494ms] [WARNING] Missing translation for id  in language en-US @ https://members-testqa.seeking.com/vendors-f1a36b0780b7adbb75c5.min.js?f1a36b0780b7adbb75c5:2268
[   65495ms] [WARNING] Missing translation for id  in language en-US @ https://members-testqa.seeking.com/vendors-f1a36b0780b7adbb75c5.min.js?f1a36b0780b7adbb75c5:2268
[   65495ms] [WARNING] Missing translation for id  in language en-US @ https://members-testqa.seeking.com/vendors-f1a36b0780b7adbb75c5.min.js?f1a36b0780b7adbb75c5:2268
[   65495ms] [WARNING] Missing translation for id  in language en-US @ https://members-testqa.seeking.com/vendors-f1a36b0780b7adbb75c5.min.js?f1a36b0780b7adbb75c5:2268
[   65501ms] [WARNING] [Snap-ins] Warning: Embedded Service Chat may not function correctly with this native JS function modified: document.addEventListener @ https://service.force.com/embeddedservice/5.0/esw.min.js:18
[   65502ms] [WARNING] [Snap-ins] Warning: Embedded Service Chat may not function correctly with this native JS function modified: document.removeEventListener @ https://service.force.com/embeddedservice/5.0/esw.min.js:18
[   65502ms] [WARNING] [Snap-ins] Warning: Embedded Service Chat may not function correctly with this native JS function modified: window.addEventListener @ https://service.force.com/embeddedservice/5.0/esw.min.js:18
[   65502ms] [WARNING] [Snap-ins] Warning: Embedded Service Chat may not function correctly with this native JS function modified: window.removeEventListener @ https://service.force.com/embeddedservice/5.0/esw.min.js:18
[   65562ms] Unexpected identifier 'is'
[   65645ms] [WARNING] Missing translation for id  in language en-US @ https://members-testqa.seeking.com/vendors-f1a36b0780b7adbb75c5.min.js?f1a36b0780b7adbb75c5:2268
[   65646ms] [WARNING] Missing translation for id  in language en-US @ https://members-testqa.seeking.com/vendors-f1a36b0780b7adbb75c5.min.js?f1a36b0780b7adbb75c5:2268
[   65646ms] [WARNING] Missing translation for id  in language en-US @ https://members-testqa.seeking.com/vendors-f1a36b0780b7adbb75c5.min.js?f1a36b0780b7adbb75c5:2268
[   65646ms] [WARNING] Missing translation for id  in language en-US @ https://members-testqa.seeking.com/vendors-f1a36b0780b7adbb75c5.min.js?f1a36b0780b7adbb75c5:2268
[   65959ms] [WARNING] Missing translation for id  in language en-US @ https://members-testqa.seeking.com/vendors-f1a36b0780b7adbb75c5.min.js?f1a36b0780b7adbb75c5:2268
[   65961ms] [WARNING] Missing translation for id  in language en-US @ https://members-testqa.seeking.com/vendors-f1a36b0780b7adbb75c5.min.js?f1a36b0780b7adbb75c5:2268
[   65962ms] [WARNING] Missing translation for id  in language en-US @ https://members-testqa.seeking.com/vendors-f1a36b0780b7adbb75c5.min.js?f1a36b0780b7adbb75c5:2268
[   65962ms] [WARNING] Missing translation for id  in language en-US @ https://members-testqa.seeking.com/vendors-f1a36b0780b7adbb75c5.min.js?f1a36b0780b7adbb75c5:2268
[   65968ms] [WARNING] Missing translation for id  in language en-US @ https://members-testqa.seeking.com/vendors-f1a36b0780b7adbb75c5.min.js?f1a36b0780b7adbb75c5:2268
[   65969ms] [WARNING] Missing translation for id  in language en-US @ https://members-testqa.seeking.com/vendors-f1a36b0780b7adbb75c5.min.js?f1a36b0780b7adbb75c5:2268
[   65969ms] [WARNING] Missing translation for id  in language en-US @ https://members-testqa.seeking.com/vendors-f1a36b0780b7adbb75c5.min.js?f1a36b0780b7adbb75c5:2268
[   65969ms] [WARNING] Missing translation for id  in language en-US @ https://members-testqa.seeking.com/vendors-f1a36b0780b7adbb75c5.min.js?f1a36b0780b7adbb75c5:2268
[   66360ms] [WARNING] Missing translation for id  in language en-US @ https://members-testqa.seeking.com/vendors-f1a36b0780b7adbb75c5.min.js?f1a36b0780b7adbb75c5:2268
[   66362ms] [WARNING] Missing translation for id  in language en-US @ https://members-testqa.seeking.com/vendors-f1a36b0780b7adbb75c5.min.js?f1a36b0780b7adbb75c5:2268
[   66362ms] [WARNING] Missing translation for id  in language en-US @ https://members-testqa.seeking.com/vendors-f1a36b0780b7adbb75c5.min.js?f1a36b0780b7adbb75c5:2268
[   66362ms] [WARNING] Missing translation for id  in language en-US @ https://members-testqa.seeking.com/vendors-f1a36b0780b7adbb75c5.min.js?f1a36b0780b7adbb75c5:2268
[   66392ms] [WARNING] Missing translation for id Chat with a live agent in language en-US @ https://members-testqa.seeking.com/vendors-f1a36b0780b7adbb75c5.min.js?f1a36b0780b7adbb75c5:2268
[   66403ms] [WARNING] Missing translation for id Chat with a live agent in language en-US @ https://members-testqa.seeking.com/vendors-f1a36b0780b7adbb75c5.min.js?f1a36b0780b7adbb75c5:2268
[   66404ms] [WARNING] Missing translation for id platinum in language en-US @ https://members-testqa.seeking.com/vendors-f1a36b0780b7adbb75c5.min.js?f1a36b0780b7adbb75c5:2268
[   66405ms] [WARNING] Missing translation for id platinum in language en-US @ https://members-testqa.seeking.com/vendors-f1a36b0780b7adbb75c5.min.js?f1a36b0780b7adbb75c5:2268
[   66406ms] [WARNING] Missing translation for id Selecting {allowText} enables all categories of cookies. Selecting {denyText} will restrict cookies to those required for core site functionality. in language en-US @ https://members-testqa.seeking.com/vendors-f1a36b0780b7adbb75c5.min.js?f1a36b0780b7adbb75c5:2268
[   66414ms] [WARNING] Missing translation for id Chat with a live agent in language en-US @ https://members-testqa.seeking.com/vendors-f1a36b0780b7adbb75c5.min.js?f1a36b0780b7adbb75c5:2268
[   66471ms] Identifier 'midaEventObserver' has already been declared
[   66760ms] [WARNING] Missing translation for id Chat with a live agent in language en-US @ https://members-testqa.seeking.com/vendors-f1a36b0780b7adbb75c5.min.js?f1a36b0780b7adbb75c5:2268
[   66765ms] [WARNING] Missing translation for id platinum in language en-US @ https://members-testqa.seeking.com/vendors-f1a36b0780b7adbb75c5.min.js?f1a36b0780b7adbb75c5:2268
[   66765ms] [WARNING] Missing translation for id platinum in language en-US @ https://members-testqa.seeking.com/vendors-f1a36b0780b7adbb75c5.min.js?f1a36b0780b7adbb75c5:2268
[   66766ms] [WARNING] Missing translation for id Selecting {allowText} enables all categories of cookies. Selecting {denyText} will restrict cookies to those required for core site functionality. in language en-US @ https://members-testqa.seeking.com/vendors-f1a36b0780b7adbb75c5.min.js?f1a36b0780b7adbb75c5:2268
[   67460ms] [WARNING] Missing translation for id Chat with a live agent in language en-US @ https://members-testqa.seeking.com/vendors-f1a36b0780b7adbb75c5.min.js?f1a36b0780b7adbb75c5:2268
[   67569ms] [WARNING] Missing translation for id Chat with a live agent in language en-US @ https://members-testqa.seeking.com/vendors-f1a36b0780b7adbb75c5.min.js?f1a36b0780b7adbb75c5:2268
[   67576ms] [WARNING] Missing translation for id Member Dashboard - Seeking.com in language en-US @ https://members-testqa.seeking.com/vendors-f1a36b0780b7adbb75c5.min.js?f1a36b0780b7adbb75c5:2268
[   67579ms] [WARNING] Missing translation for id platinum in language en-US @ https://members-testqa.seeking.com/vendors-f1a36b0780b7adbb75c5.min.js?f1a36b0780b7adbb75c5:2268
[   67579ms] [WARNING] Missing translation for id platinum in language en-US @ https://members-testqa.seeking.com/vendors-f1a36b0780b7adbb75c5.min.js?f1a36b0780b7adbb75c5:2268
[   67580ms] [WARNING] Missing translation for id Selecting {allowText} enables all categories of cookies. Selecting {denyText} will restrict cookies to those required for core site functionality. in language en-US @ https://members-testqa.seeking.com/vendors-f1a36b0780b7adbb75c5.min.js?f1a36b0780b7adbb75c5:2268
[   67585ms] [WARNING] Missing translation for id Chat with a live agent in language en-US @ https://members-testqa.seeking.com/vendors-f1a36b0780b7adbb75c5.min.js?f1a36b0780b7adbb75c5:2268
[   67658ms] [WARNING] Missing translation for id Chat with a live agent in language en-US @ https://members-testqa.seeking.com/vendors-f1a36b0780b7adbb75c5.min.js?f1a36b0780b7adbb75c5:2268
[   67666ms] [WARNING] Missing translation for id platinum in language en-US @ https://members-testqa.seeking.com/vendors-f1a36b0780b7adbb75c5.min.js?f1a36b0780b7adbb75c5:2268
[   67666ms] [WARNING] Missing translation for id platinum in language en-US @ https://members-testqa.seeking.com/vendors-f1a36b0780b7adbb75c5.min.js?f1a36b0780b7adbb75c5:2268
[   67666ms] [WARNING] Missing translation for id Selecting {allowText} enables all categories of cookies. Selecting {denyText} will restrict cookies to those required for core site functionality. in language en-US @ https://members-testqa.seeking.com/vendors-f1a36b0780b7adbb75c5.min.js?f1a36b0780b7adbb75c5:2268
[   68429ms] [WARNING] <meta name="apple-mobile-web-app-capable" content="yes"> is deprecated. Please include <meta name="mobile-web-app-capable" content="yes"> @ https://members-testqa.seeking.com/member:0
[   78876ms] [WARNING] Missing translation for id Chat with a live agent in language en-US @ https://members-testqa.seeking.com/vendors-f1a36b0780b7adbb75c5.min.js?f1a36b0780b7adbb75c5:2268
[   78885ms] [WARNING] Missing translation for id platinum in language en-US @ https://members-testqa.seeking.com/vendors-f1a36b0780b7adbb75c5.min.js?f1a36b0780b7adbb75c5:2268
[   78885ms] [WARNING] Missing translation for id platinum in language en-US @ https://members-testqa.seeking.com/vendors-f1a36b0780b7adbb75c5.min.js?f1a36b0780b7adbb75c5:2268
[   78885ms] [WARNING] Missing translation for id Selecting {allowText} enables all categories of cookies. Selecting {denyText} will restrict cookies to those required for core site functionality. in language en-US @ https://members-testqa.seeking.com/vendors-f1a36b0780b7adbb75c5.min.js?f1a36b0780b7adbb75c5:2268
[   78890ms] [WARNING] Missing translation for id Chat with a live agent in language en-US @ https://members-testqa.seeking.com/vendors-f1a36b0780b7adbb75c5.min.js?f1a36b0780b7adbb75c5:2268
[   80199ms] [ERROR] Failed to load resource: the server responded with a status of 404 (Not Found) @ https://reflexmedia.go2cloud.org/aff_l?offer_id=1:0
